Command: ninja flash
[1/14] Performing build step for 'bootloader'
[1/1] cd /home/davey_schoe/esp/mcmb_tx_dv3/build/bootloader/esp-idf/esptool_py && /home/davey_schoe/.espressif/python_env/idf5.5_py3.11_env/bin/python /home/davey_schoe/esp/esp-idf/components/partition_table/check_sizes.py --offset 0x8000 bootloader 0x1000 /home/davey_schoe/esp/mcmb_tx_dv3/build/bootloader/bootloader.bin
Bootloader binary size 0x6600 bytes. 0xa00 bytes (9%) free.
[2/14] No install step for 'bootloader'
[3/14] Completed 'bootloader'
[4/14] Building C object esp-idf/src/CMakeFiles/__idf_src.dir/r.c.obj
FAILED: esp-idf/src/CMakeFiles/__idf_src.dir/r.c.obj 
/home/davey_schoe/.espressif/tools/xtensa-esp-elf/esp-14.2.0_20241119/xtensa-esp-elf/bin/xtensa-esp32-elf-gcc -DESP_PLATFORM -DIDF_VER=\"v5.5-dev-1428-g0f0068fff3-dirty\" -DSOC_MMU_PAGE_SIZE=CONFIG_MMU_PAGE_SIZE -DSOC_XTAL_FREQ_MHZ=CONFIG_XTAL_FREQ -D_GLIBCXX_HAVE_POSIX_SEMAPHORE -D_GLIBCXX_USE_POSIX_SEMAPHORE -D_GNU_SOURCE -D_POSIX_READER_WRITER_LOCKS -I/home/davey_schoe/esp/mcmb_tx_dv3/build/config -I/home/davey_schoe/esp/mcmb_tx_dv3/lwmb/include -I/home/davey_schoe/esp/esp-idf/components/newlib/platform_include -I/home/davey_schoe/esp/esp-idf/components/freertos/config/include -I/home/davey_schoe/esp/esp-idf/components/freertos/config/include/freertos -I/home/davey_schoe/esp/esp-idf/components/freertos/config/xtensa/include -I/home/davey_schoe/esp/esp-idf/components/freertos/FreeRTOS-Kernel/include -I/home/davey_schoe/esp/esp-idf/components/freertos/FreeRTOS-Kernel/portable/xtensa/include -I/home/davey_schoe/esp/esp-idf/components/freertos/FreeRTOS-Kernel/portable/xtensa/include/freertos -I/home/davey_schoe/esp/esp-idf/components/freertos/esp_additions/include -I/home/davey_schoe/esp/esp-idf/components/esp_hw_support/include -I/home/davey_schoe/esp/esp-idf/components/esp_hw_support/include/soc -I/home/davey_schoe/esp/esp-idf/components/esp_hw_support/include/soc/esp32 -I/home/davey_schoe/esp/esp-idf/components/esp_hw_support/dma/include -I/home/davey_schoe/esp/esp-idf/components/esp_hw_support/ldo/include -I/home/davey_schoe/esp/esp-idf/components/esp_hw_support/debug_probe/include -I/home/davey_schoe/esp/esp-idf/components/esp_hw_support/mspi_timing_tuning/include -I/home/davey_schoe/esp/esp-idf/components/esp_hw_support/power_supply/include -I/home/davey_schoe/esp/esp-idf/components/esp_hw_support/port/esp32/. -I/home/davey_schoe/esp/esp-idf/components/esp_hw_support/port/esp32/include -I/home/davey_schoe/esp/esp-idf/components/heap/include -I/home/davey_schoe/esp/esp-idf/components/heap/tlsf -I/home/davey_schoe/esp/esp-idf/components/log/include -I/home/davey_schoe/esp/esp-idf/components/soc/include -I/home/davey_schoe/esp/esp-idf/components/soc/esp32 -I/home/davey_schoe/esp/esp-idf/components/soc/esp32/include -I/home/davey_schoe/esp/esp-idf/components/soc/esp32/register -I/home/davey_schoe/esp/esp-idf/components/hal/platform_port/include -I/home/davey_schoe/esp/esp-idf/components/hal/esp32/include -I/home/davey_schoe/esp/esp-idf/components/hal/include -I/home/davey_schoe/esp/esp-idf/components/esp_rom/include -I/home/davey_schoe/esp/esp-idf/components/esp_rom/esp32/include -I/home/davey_schoe/esp/esp-idf/components/esp_rom/esp32/include/esp32 -I/home/davey_schoe/esp/esp-idf/components/esp_rom/esp32 -I/home/davey_schoe/esp/esp-idf/components/esp_common/include -I/home/davey_schoe/esp/esp-idf/components/esp_system/include -I/home/davey_schoe/esp/esp-idf/components/esp_system/port/soc -I/home/davey_schoe/esp/esp-idf/components/esp_system/port/include/private -I/home/davey_schoe/esp/esp-idf/components/xtensa/esp32/include -I/home/davey_schoe/esp/esp-idf/components/xtensa/include -I/home/davey_schoe/esp/esp-idf/components/xtensa/deprecated_include -I/home/davey_schoe/esp/esp-idf/components/lwip/include -I/home/davey_schoe/esp/esp-idf/components/lwip/include/apps -I/home/davey_schoe/esp/esp-idf/components/lwip/include/apps/sntp -I/home/davey_schoe/esp/esp-idf/components/lwip/lwip/src/include -I/home/davey_schoe/esp/esp-idf/components/lwip/port/include -I/home/davey_schoe/esp/esp-idf/components/lwip/port/freertos/include -I/home/davey_schoe/esp/esp-idf/components/lwip/port/esp32xx/include -I/home/davey_schoe/esp/esp-idf/components/lwip/port/esp32xx/include/arch -I/home/davey_schoe/esp/esp-idf/components/lwip/port/esp32xx/include/sys -I/home/davey_schoe/esp/esp-idf/components/esp_driver_gpio/include -I/home/davey_schoe/esp/esp-idf/components/esp_event/include -I/home/davey_schoe/esp/esp-idf/components/esp_eth/include -I/home/davey_schoe/esp/esp-idf/components/esp_driver_spi/include -I/home/davey_schoe/esp/esp-idf/components/esp_pm/include -I/home/davey_schoe/esp/esp-idf/components/esp_netif/include -mlongcalls -Wno-frame-address  -fno-builtin-memcpy -fno-builtin-memset -fno-builtin-bzero -fno-builtin-stpcpy -fno-builtin-strncpy -fdiagnostics-color=always -ffunction-sections -fdata-sections -Wall -Werror=all -Wno-error=unused-function -Wno-error=unused-variable -Wno-error=unused-but-set-variable -Wno-error=deprecated-declarations -Wextra -Wno-error=extra -Wno-unused-parameter -Wno-sign-compare -Wno-enum-conversion -gdwarf-4 -ggdb -Og -fno-shrink-wrap -fmacro-prefix-map=/home/davey_schoe/esp/mcmb_tx_dv3=. -fmacro-prefix-map=/home/davey_schoe/esp/esp-idf=/IDF -fstrict-volatile-bitfields -fno-jump-tables -fno-tree-switch-conversion -std=gnu17 -Wno-old-style-declaration -MD -MT esp-idf/src/CMakeFiles/__idf_src.dir/r.c.obj -MF esp-idf/src/CMakeFiles/__idf_src.dir/r.c.obj.d -o esp-idf/src/CMakeFiles/__idf_src.dir/r.c.obj -c /home/davey_schoe/esp/mcmb_tx_dv3/lwmb/src/r.c
/home/davey_schoe/esp/mcmb_tx_dv3/lwmb/src/r.c: In function 'r_select_task':
/home/davey_schoe/esp/mcmb_tx_dv3/lwmb/src/r.c:51:25: error: suggest parentheses around assignment used as truth value [-Werror=parentheses]
   51 |                     if (b=r_accept(r) == 0) {
      |                         ^
/home/davey_schoe/esp/mcmb_tx_dv3/lwmb/src/r.c:55:28: error: assignment to 'struct nr *' from incompatible pointer type 'struct r *' [-Wincompatible-pointer-types]
   55 |                         nr = r_create(NULL,0,NULL,0);
      |                            ^
/home/davey_schoe/esp/mcmb_tx_dv3/lwmb/src/r.c:56:27: error: invalid use of undefined type 'struct nr'
   56 |                         nr->s = b;
      |                           ^~
/home/davey_schoe/esp/mcmb_tx_dv3/lwmb/src/r.c:57:32: error: passing argument 1 of 'r_conn' from incompatible pointer type [-Wincompatible-pointer-types]
   57 |                         r_conn(nr);
      |                                ^~
      |                                |
      |                                struct nr *
In file included from /home/davey_schoe/esp/mcmb_tx_dv3/lwmb/include/h.h:21,
                 from /home/davey_schoe/esp/mcmb_tx_dv3/lwmb/src/r.c:1:
/home/davey_schoe/esp/mcmb_tx_dv3/lwmb/include/r.h:40:22: note: expected 'struct r *' but argument is of type 'struct nr *'
   40 | int r_conn(struct r *r);
      |            ~~~~~~~~~~^
/home/davey_schoe/esp/mcmb_tx_dv3/lwmb/src/r.c:9:15: warning: unused variable 'im' [-Wunused-variable]
    9 |     struct m *im;                               // inbound message
      |               ^~
/home/davey_schoe/esp/mcmb_tx_dv3/lwmb/src/r.c: In function 'r_proc':
/home/davey_schoe/esp/mcmb_tx_dv3/lwmb/src/r.c:99:23: error: request for member 'b' in something not a structure or union
   99 |         if (ii > r->im->b) {
      |                       ^~
/home/davey_schoe/esp/mcmb_tx_dv3/lwmb/src/r.c:104:31: error: request for member 'b' in something not a structure or union
  104 |         } else if (ii == r->im->b) {
      |                               ^~
In file included from /home/davey_schoe/esp/mcmb_tx_dv3/lwmb/include/h.h:20:
/home/davey_schoe/esp/mcmb_tx_dv3/lwmb/include/a.h:6:5: error: 'om' undeclared (first use in this function); did you mean 'm'?
    6 |     om = malloc(sizeof(struct r*)+sizeof(int)+7+2); \
      |     ^~
/home/davey_schoe/esp/mcmb_tx_dv3/lwmb/src/r.c:149:25: note: in expansion of macro 'A_ERROR'
  149 |                         A_ERROR(2);
      |                         ^~~~~~~
/home/davey_schoe/esp/mcmb_tx_dv3/lwmb/include/a.h:6:5: note: each undeclared identifier is reported only once for each function it appears in
    6 |     om = malloc(sizeof(struct r*)+sizeof(int)+7+2); \
      |     ^~
/home/davey_schoe/esp/mcmb_tx_dv3/lwmb/src/r.c:149:25: note: in expansion of macro 'A_ERROR'
  149 |                         A_ERROR(2);
      |                         ^~~~~~~
/home/davey_schoe/esp/mcmb_tx_dv3/lwmb/src/r.c: In function 'r_socket':
/home/davey_schoe/esp/mcmb_tx_dv3/lwmb/src/r.c:544:9: error: suggest parentheses around assignment used as truth value [-Werror=parentheses]
  544 |     if (b=socket(AF_INET,SOCK_STREAM,IPPROTO_TCP) < 0) {
      |         ^
/home/davey_schoe/esp/mcmb_tx_dv3/lwmb/src/r.c: In function 'r_bind':
/home/davey_schoe/esp/mcmb_tx_dv3/lwmb/src/r.c:569:9: error: suggest parentheses around assignment used as truth value [-Werror=parentheses]
  569 |     if (b=bind(r->s,(struct sockaddr*)r->ba,r->ba[0]) < 0) {
      |         ^
/home/davey_schoe/esp/mcmb_tx_dv3/lwmb/src/r.c: In function 'r_listen':
/home/davey_schoe/esp/mcmb_tx_dv3/lwmb/src/r.c:591:9: error: suggest parentheses around assignment used as truth value [-Werror=parentheses]
  591 |     if (b=listen(r->s,2) < 0) {
      |         ^
/home/davey_schoe/esp/mcmb_tx_dv3/lwmb/src/r.c:598:17: error: implicit declaration of function 'r_close_s'; did you mean 'r_close'? [-Wimplicit-function-declaration]
  598 |                 r_close_s(r);
      |                 ^~~~~~~~~
      |                 r_close
/home/davey_schoe/esp/mcmb_tx_dv3/lwmb/src/r.c: In function 'r_connect':
/home/davey_schoe/esp/mcmb_tx_dv3/lwmb/src/r.c:612:9: error: suggest parentheses around assignment used as truth value [-Werror=parentheses]
  612 |     if (b=connect(r->s,(struct sockaddr*)r->ca,r->ca[0]) < 0) {
      |         ^
/home/davey_schoe/esp/mcmb_tx_dv3/lwmb/src/r.c: In function 'r_accept':
/home/davey_schoe/esp/mcmb_tx_dv3/lwmb/src/r.c:644:9: error: suggest parentheses around assignment used as truth value [-Werror=parentheses]
  644 |     if (b=accept(r->s,NULL,NULL) < 0) {
      |         ^
/home/davey_schoe/esp/mcmb_tx_dv3/lwmb/src/r.c:662:5: error: 'f' undeclared (first use in this function)
  662 |     f = fcntl(b,F_GETFL,0);
      |     ^
/home/davey_schoe/esp/mcmb_tx_dv3/lwmb/src/r.c: In function 'r_recv':
/home/davey_schoe/esp/mcmb_tx_dv3/lwmb/src/r.c:673:27: error: invalid application of 'sizeof' to incomplete type 'struct m'
  673 |     memset(r->im,0,sizeof(struct m));
      |                           ^~~~~~
/home/davey_schoe/esp/mcmb_tx_dv3/lwmb/src/r.c:674:9: error: 'im' undeclared (first use in this function); did you mean 'm'?
  674 |     if (im->b=recv(r->s,(void*)im->d,M_RECV_DATA_SIZE,0) < 0) {
      |         ^~
      |         m
/home/davey_schoe/esp/mcmb_tx_dv3/lwmb/src/r.c:674:38: error: 'M_RECV_DATA_SIZE' undeclared (first use in this function)
  674 |     if (im->b=recv(r->s,(void*)im->d,M_RECV_DATA_SIZE,0) < 0) {
      |                                      ^~~~~~~~~~~~~~~~
/home/davey_schoe/esp/mcmb_tx_dv3/lwmb/src/r.c:692:9: error: implicit declaration of function 'r_shut_s'; did you mean 'r_shut'? [-Wimplicit-function-declaration]
  692 |         r_shut_s(r);
      |         ^~~~~~~~
      |         r_shut
/home/davey_schoe/esp/mcmb_tx_dv3/lwmb/src/r.c: In function 'r_send':
/home/davey_schoe/esp/mcmb_tx_dv3/lwmb/src/r.c:707:16: error: 'om' undeclared (first use in this function); did you mean 'tm'?
  707 |     if (b=send(om->r->s,om->d,om->b,0) < 0) {
      |                ^~
      |                tm
/home/davey_schoe/esp/mcmb_tx_dv3/lwmb/src/r.c: At top level:
/home/davey_schoe/esp/mcmb_tx_dv3/lwmb/src/r.c:734:6: error: conflicting types for 'r_shut'; have 'void(struct r *)'
  734 | void r_shut(struct r *r) {
      |      ^~~~~~
/home/davey_schoe/esp/mcmb_tx_dv3/lwmb/include/r.h:49:5: note: previous declaration of 'r_shut' with type 'int(struct r *)'
   49 | int r_shut(struct r *r);
      |     ^~~~~~
In file included from /home/davey_schoe/esp/mcmb_tx_dv3/lwmb/include/h.h:17:
/home/davey_schoe/esp/mcmb_tx_dv3/lwmb/src/r.c: In function 'r_shut':
/home/davey_schoe/esp/mcmb_tx_dv3/lwmb/src/r.c:738:68: error: 'b' undeclared (first use in this function)
  738 |         ESP_LOGE(TAG,"r_shut_s: shutdown(%d), b=%d, errno=%d",r->s,b,errno);
      |                                                                    ^
/home/davey_schoe/esp/esp-idf/components/log/include/esp_log.h:218:167: note: in definition of macro 'ESP_LOG_LEVEL'
  218 |         if (ESP_LOG_GET_LEVEL(configs)==ESP_LOG_ERROR)        { esp_log(ESP_LOG_CONFIG_INIT(ESP_LOG_ERROR),   tag, LOG_FORMAT(E, format), esp_log_timestamp(), tag, ##__VA_ARGS__); } \
      |                                                                                                                                                                       ^~~~~~~~~~~
/home/davey_schoe/esp/esp-idf/components/log/include/esp_log.h:121:41: note: in expansion of macro 'ESP_LOG_LEVEL_LOCAL'
  121 | #define ESP_LOGE(tag, format, ...) do { ESP_LOG_LEVEL_LOCAL(ESP_LOG_ERROR, tag, format, ##__VA_ARGS__); } while(0)
      |                                         ^~~~~~~~~~~~~~~~~~~
/home/davey_schoe/esp/mcmb_tx_dv3/lwmb/src/r.c:738:9: note: in expansion of macro 'ESP_LOGE'
  738 |         ESP_LOGE(TAG,"r_shut_s: shutdown(%d), b=%d, errno=%d",r->s,b,errno);
      |         ^~~~~~~~
/home/davey_schoe/esp/mcmb_tx_dv3/lwmb/src/r.c: At top level:
/home/davey_schoe/esp/mcmb_tx_dv3/lwmb/src/r.c:749:6: error: conflicting types for 'r_close'; have 'void(struct r *)'
  749 | void r_close(struct r *r) {
      |      ^~~~~~~
/home/davey_schoe/esp/mcmb_tx_dv3/lwmb/include/r.h:50:5: note: previous declaration of 'r_close' with type 'int(struct r *)'
   50 | int r_close(struct r *r);
      |     ^~~~~~~
/home/davey_schoe/esp/mcmb_tx_dv3/lwmb/src/r.c: In function 'r_listen':
/home/davey_schoe/esp/mcmb_tx_dv3/lwmb/src/r.c:604:1: error: control reaches end of non-void function [-Werror=return-type]
  604 | }
      | ^
cc1: some warnings being treated as errors
[5/14] Building C object esp-idf/src/CMakeFiles/__idf_src.dir/a.c.obj
[6/14] Building C object esp-idf/src/CMakeFiles/__idf_src.dir/h.c.obj
[7/14] Building C object esp-idf/main/CMakeFiles/__idf_main.dir/main.c.obj
/home/davey_schoe/esp/mcmb_tx_dv3/main/main.c: In function 'app_main':
/home/davey_schoe/esp/mcmb_tx_dv3/main/main.c:61:15: warning: variable 'rl' set but not used [-Wunused-but-set-variable]
   61 |     struct r *rl;
      |               ^~
ninja: build stopped: subcommand failed.
